<?xml version="1.0" encoding="UTF-8"?>
<!-- Generated by org.testng.reporters.JUnitReportReporter -->
<testsuite hostname="OutlawTech" name="LogInLogOutTest" tests="1" failures="0" timestamp="9 Jan 2014 20:49:45 GMT" time="5.835" errors="0">
  <testcase name="logIn_Test" time="5.835" classname="LogInLogOutTest"/>
</testsuite> <!-- LogInLogOutTest -->
